<?xml version="1.0" encoding="UTF-8"?>
<!-- Generated by org.testng.reporters.JUnitReportReporter -->
<testsuite hostname="LAPTOP-SECIDV6O" failures="0" tests="1" name="com.workingclasshero.GenerateTaxRelief" time="3.346" errors="0" timestamp="2024-10-15T23:07:58 SGT" skipped="0">
  <testcase classname="com.workingclasshero.GenerateTaxRelief" name="uploadCSVAsBookkeeper" time="3.346"/>
  <system-out/>
</testsuite> <!-- com.workingclasshero.GenerateTaxRelief -->
