<?xml version="1.0" encoding="UTF-8"?>
<!-- Generated by org.testng.reporters.JUnitReportReporter -->
<testsuite hostname="LAPTOP-SECIDV6O" failures="0" tests="1" name="com.testCases.TestCreateWorkingClassHero" time="1.767" errors="0" timestamp="2024-10-19T20:06:45 SGT" skipped="0">
  <testcase classname="com.testCases.TestCreateWorkingClassHero" name="byPersonAndType" time="1.767"/>
  <system-out/>
</testsuite> <!-- com.testCases.TestCreateWorkingClassHero -->
