<?xml version="1.0" encoding="UTF-8"?>
<!-- Generated by org.testng.reporters.JUnitReportReporter -->
<testsuite hostname="LAPTOP-SECIDV6O" failures="0" tests="1" name="com.testCases.CreateWorkingClassHero" time="2.475" errors="0" timestamp="2024-10-17T20:32:39 SGT" skipped="0">
  <testcase classname="com.testCases.CreateWorkingClassHero" name="byPersonAndType" time="2.475"/>
  <system-out/>
</testsuite> <!-- com.testCases.CreateWorkingClassHero -->
