<?xml version="1.0" encoding="UTF-8"?>
<!-- Generated by org.testng.reporters.JUnitReportReporter -->
<testsuite hostname="LAPTOP-SECIDV6O" failures="0" tests="6" name="com.testCases.TestCreateWorkingClassHero" time="7.528" errors="0" timestamp="2024-10-19T21:07:51 SGT" skipped="0">
  <testcase classname="com.testCases.TestCreateWorkingClassHero" name="createHero" time="0.128"/>
  <system-out/>
  <testcase classname="com.testCases.TestCreateWorkingClassHero" name="verifyHerosOwningMoney" time="0.086"/>
  <system-out/>
  <testcase classname="com.testCases.TestCreateWorkingClassHero" name="uploadCSVAsBookkeeper" time="5.426"/>
  <system-out/>
  <testcase classname="com.testCases.TestCreateWorkingClassHero" name="verifyVoucherByPerson" time="0.089"/>
  <system-out/>
  <testcase classname="com.testCases.TestCreateWorkingClassHero" name="createWorkingCLassHerosWithVouchers" time="0.202"/>
  <system-out/>
  <testcase classname="com.testCases.TestCreateWorkingClassHero" name="byPersonAndType" time="1.597"/>
  <system-out/>
</testsuite> <!-- com.testCases.TestCreateWorkingClassHero -->
