<?xml version="1.0" encoding="UTF-8"?>
<!-- Generated by org.testng.reporters.JUnitReportReporter -->
<testsuite hostname="LAPTOP-SECIDV6O" failures="0" tests="1" name="com.testCases.TestGenerateTaxRelief" time="0.081" errors="0" timestamp="2024-10-19T21:07:51 SGT" skipped="0">
  <testcase classname="com.testCases.TestGenerateTaxRelief" name="generateHeroTaxRelief" time="0.081"/>
  <system-out/>
</testsuite> <!-- com.testCases.TestGenerateTaxRelief -->
