<?xml version="1.0" encoding="UTF-8"?>
<!-- Generated by org.testng.reporters.JUnitReportReporter -->
<testsuite hostname="LAPTOP-SECIDV6O" failures="0" tests="1" name="com.testCases.TestCreateWorkingClassHero" time="1.635" errors="0" timestamp="2024-10-19T21:27:56 SGT" skipped="0">
  <testcase classname="com.testCases.TestCreateWorkingClassHero" name="verifyHerosOwningMoney" time="1.635"/>
  <system-out/>
</testsuite> <!-- com.testCases.TestCreateWorkingClassHero -->
