<?xml version="1.0" encoding="UTF-8"?>
<!-- Generated by org.testng.reporters.JUnitReportReporter -->
<testsuite hostname="LAPTOP-SECIDV6O" failures="0" tests="6" name="com.testCases.TestCreateWorkingClassHero" time="10.203" errors="0" timestamp="2024-10-18T22:30:10 SGT" skipped="0">
  <testcase classname="com.testCases.TestCreateWorkingClassHero" name="createWorkingCLassHerosWithVouchers" time="0.110"/>
  <system-out/>
  <testcase classname="com.testCases.TestCreateWorkingClassHero" name="verifyVoucherByPerson" time="0.178"/>
  <system-out/>
  <testcase classname="com.testCases.TestCreateWorkingClassHero" name="createHero" time="0.228"/>
  <system-out/>
  <testcase classname="com.testCases.TestCreateWorkingClassHero" name="verifyHerosOwningMoney" time="0.196"/>
  <system-out/>
  <testcase classname="com.testCases.TestCreateWorkingClassHero" name="uploadCSVAsBookkeeper" time="4.861"/>
  <system-out/>
  <testcase classname="com.testCases.TestCreateWorkingClassHero" name="byPersonAndType" time="4.630"/>
  <system-out/>
</testsuite> <!-- com.testCases.TestCreateWorkingClassHero -->
