<?xml version="1.0" encoding="UTF-8"?>
<!-- Generated by org.testng.reporters.JUnitReportReporter -->
<testsuite hostname="LAPTOP-SECIDV6O" failures="0" tests="1" name="com.testCases.CreateWorkingClassHero" time="3.986" errors="0" timestamp="2024-10-18T19:20:36 SGT" skipped="0">
  <testcase classname="com.testCases.CreateWorkingClassHero" name="uploadCSVAsBookkeeper" time="3.986"/>
  <system-out/>
</testsuite> <!-- com.testCases.CreateWorkingClassHero -->
